This file contains any messages produced by compilers while
running configure, to aid debugging if configure makes a mistake.

It was created by WordNet configure 2.1, which was
generated by GNU Autoconf 2.59.  Invocation command line was

  $ ./configure 

## --------- ##
## Platform. ##
## --------- ##

hostname = DdMaddeMBP
uname -m = x86_64
uname -r = 15.0.0
uname -s = Darwin
uname -v = Darwin Kernel Version 15.0.0: Wed Aug 26 16:57:32 PDT 2015; root:xnu-3247.1.106~1/RELEASE_X86_64

/usr/bin/uname -p = i386
/bin/uname -X     = unknown

/bin/arch              = unknown
/usr/bin/arch -k       = unknown
/usr/convex/getsysinfo = unknown
hostinfo               = Mach kernel version:
	 Darwin Kernel Version 15.0.0: Wed Aug 26 16:57:32 PDT 2015; root:xnu-3247.1.106~1/RELEASE_X86_64
Kernel configured for up to 4 processors.
2 processors are physically available.
4 processors are logically available.
Processor type: x86_64h (Intel x86-64h Haswell)
Processors active: 0 1 2 3
Primary memory available: 16.00 gigabytes
Default processor set: 320 tasks, 1440 threads, 4 processors
Load average: 3.12, Mach factor: 0.86
/bin/machine           = unknown
/usr/bin/oslevel       = unknown
/bin/universe          = unknown

PATH: /usr/local/bin
PATH: /usr/bin
PATH: /bin
PATH: /usr/sbin
PATH: /sbin


## ----------- ##
## Core tests. ##
## ----------- ##

configure:1373: checking for gcc
configure:1389: found /usr/bin/gcc
configure:1399: result: gcc
configure:1643: checking for C compiler version
configure:1646: gcc --version </dev/null >&5
Configured with: --prefix=/Applications/Xcode.app/Contents/Developer/usr --with-gxx-include-dir=/usr/include/c++/4.2.1
Apple LLVM version 7.0.0 (clang-700.0.72)
Target: x86_64-apple-darwin15.0.0
Thread model: posix
configure:1649: $? = 0
configure:1651: gcc -v </dev/null >&5
Configured with: --prefix=/Applications/Xcode.app/Contents/Developer/usr --with-gxx-include-dir=/usr/include/c++/4.2.1
Apple LLVM version 7.0.0 (clang-700.0.72)
Target: x86_64-apple-darwin15.0.0
Thread model: posix
configure:1654: $? = 0
configure:1656: gcc -V </dev/null >&5
clang: error: argument to '-V' is missing (expected 1 value)
clang: error: no input files
configure:1659: $? = 1
configure:1682: checking for C compiler default output file name
configure:1685: gcc    conftest.c  >&5
configure:1688: $? = 0
configure:1734: result: a.out
configure:1739: checking whether the C compiler works
configure:1745: ./a.out
configure:1748: $? = 0
configure:1765: result: yes
configure:1772: checking whether we are cross compiling
configure:1774: result: no
configure:1777: checking for suffix of executables
configure:1779: gcc -o conftest    conftest.c  >&5
configure:1782: $? = 0
configure:1807: result: 
configure:1813: checking for suffix of object files
configure:1834: gcc -c   conftest.c >&5
configure:1837: $? = 0
configure:1859: result: o
configure:1863: checking whether we are using the GNU C compiler
configure:1887: gcc -c   conftest.c >&5
configure:1893: $? = 0
configure:1897: test -z 
			 || test ! -s conftest.err
configure:1900: $? = 0
configure:1903: test -s conftest.o
configure:1906: $? = 0
configure:1919: result: yes
configure:1925: checking whether gcc accepts -g
configure:1946: gcc -c -g  conftest.c >&5
configure:1952: $? = 0
configure:1956: test -z 
			 || test ! -s conftest.err
configure:1959: $? = 0
configure:1962: test -s conftest.o
configure:1965: $? = 0
configure:1976: result: yes
configure:1993: checking for gcc option to accept ANSI C
configure:2063: gcc  -c -g -O2  conftest.c >&5
configure:2069: $? = 0
configure:2073: test -z 
			 || test ! -s conftest.err
configure:2076: $? = 0
configure:2079: test -s conftest.o
configure:2082: $? = 0
configure:2100: result: none needed
configure:2118: gcc -c -g -O2  conftest.c >&5
conftest.c:2:3: error: unknown type name 'choke'
  choke me
  ^
conftest.c:2:11: error: expected ';' after top level declarator
  choke me
          ^
          ;
2 errors generated.
configure:2124: $? = 1
configure: failed program was:
| #ifndef __cplusplus
|   choke me
| #endif
configure:2298: checking for ranlib
configure:2314: found /usr/bin/ranlib
configure:2325: result: ranlib
configure:2375: checking for a BSD-compatible install
configure:2430: result: /usr/bin/install -c
configure:2449: checking how to run the C preprocessor
configure:2484: gcc -E  conftest.c
configure:2490: $? = 0
configure:2522: gcc -E  conftest.c
conftest.c:9:10: fatal error: 'ac_nonexistent.h' file not found
#include <ac_nonexistent.h>
         ^
1 error generated.
configure:2528: $? = 1
configure: failed program was:
| /* confdefs.h.  */
| 
| #define PACKAGE_NAME "WordNet"
| #define PACKAGE_TARNAME "wordnet"
| #define PACKAGE_VERSION "2.1"
| #define PACKAGE_STRING "WordNet 2.1"
| #define PACKAGE_BUGREPORT "wordnet@princeton.edu"
| /* end confdefs.h.  */
| #include <ac_nonexistent.h>
configure:2567: result: gcc -E
configure:2591: gcc -E  conftest.c
configure:2597: $? = 0
configure:2629: gcc -E  conftest.c
conftest.c:9:10: fatal error: 'ac_nonexistent.h' file not found
#include <ac_nonexistent.h>
         ^
1 error generated.
configure:2635: $? = 1
configure: failed program was:
| /* confdefs.h.  */
| 
| #define PACKAGE_NAME "WordNet"
| #define PACKAGE_TARNAME "wordnet"
| #define PACKAGE_VERSION "2.1"
| #define PACKAGE_STRING "WordNet 2.1"
| #define PACKAGE_BUGREPORT "wordnet@princeton.edu"
| /* end confdefs.h.  */
| #include <ac_nonexistent.h>
configure:2679: checking for egrep
configure:2689: result: grep -E
configure:2694: checking for ANSI C header files
configure:2719: gcc -c -g -O2  conftest.c >&5
configure:2725: $? = 0
configure:2729: test -z 
			 || test ! -s conftest.err
configure:2732: $? = 0
configure:2735: test -s conftest.o
configure:2738: $? = 0
configure:2827: gcc -o conftest -g -O2   conftest.c  >&5
conftest.c:26:7: warning: implicitly declaring library function 'exit' with type 'void (int) __attribute__((noreturn))'
      exit(2);
      ^
conftest.c:26:7: note: include the header <stdlib.h> or explicitly provide a declaration for 'exit'
1 warning generated.
configure:2830: $? = 0
configure:2832: ./conftest
configure:2835: $? = 0
configure:2850: result: yes
configure:2874: checking for sys/types.h
configure:2890: gcc -c -g -O2  conftest.c >&5
configure:2896: $? = 0
configure:2900: test -z 
			 || test ! -s conftest.err
configure:2903: $? = 0
configure:2906: test -s conftest.o
configure:2909: $? = 0
configure:2920: result: yes
configure:2874: checking for sys/stat.h
configure:2890: gcc -c -g -O2  conftest.c >&5
configure:2896: $? = 0
configure:2900: test -z 
			 || test ! -s conftest.err
configure:2903: $? = 0
configure:2906: test -s conftest.o
configure:2909: $? = 0
configure:2920: result: yes
configure:2874: checking for stdlib.h
configure:2890: gcc -c -g -O2  conftest.c >&5
configure:2896: $? = 0
configure:2900: test -z 
			 || test ! -s conftest.err
configure:2903: $? = 0
configure:2906: test -s conftest.o
configure:2909: $? = 0
configure:2920: result: yes
configure:2874: checking for string.h
configure:2890: gcc -c -g -O2  conftest.c >&5
configure:2896: $? = 0
configure:2900: test -z 
			 || test ! -s conftest.err
configure:2903: $? = 0
configure:2906: test -s conftest.o
configure:2909: $? = 0
configure:2920: result: yes
configure:2874: checking for memory.h
configure:2890: gcc -c -g -O2  conftest.c >&5
configure:2896: $? = 0
configure:2900: test -z 
			 || test ! -s conftest.err
configure:2903: $? = 0
configure:2906: test -s conftest.o
configure:2909: $? = 0
configure:2920: result: yes
configure:2874: checking for strings.h
configure:2890: gcc -c -g -O2  conftest.c >&5
configure:2896: $? = 0
configure:2900: test -z 
			 || test ! -s conftest.err
configure:2903: $? = 0
configure:2906: test -s conftest.o
configure:2909: $? = 0
configure:2920: result: yes
configure:2874: checking for inttypes.h
configure:2890: gcc -c -g -O2  conftest.c >&5
configure:2896: $? = 0
configure:2900: test -z 
			 || test ! -s conftest.err
configure:2903: $? = 0
configure:2906: test -s conftest.o
configure:2909: $? = 0
configure:2920: result: yes
configure:2874: checking for stdint.h
configure:2890: gcc -c -g -O2  conftest.c >&5
configure:2896: $? = 0
configure:2900: test -z 
			 || test ! -s conftest.err
configure:2903: $? = 0
configure:2906: test -s conftest.o
configure:2909: $? = 0
configure:2920: result: yes
configure:2874: checking for unistd.h
configure:2890: gcc -c -g -O2  conftest.c >&5
configure:2896: $? = 0
configure:2900: test -z 
			 || test ! -s conftest.err
configure:2903: $? = 0
configure:2906: test -s conftest.o
configure:2909: $? = 0
configure:2920: result: yes
configure:2949: checking locale.h usability
configure:2961: gcc -c -g -O2  conftest.c >&5
configure:2967: $? = 0
configure:2971: test -z 
			 || test ! -s conftest.err
configure:2974: $? = 0
configure:2977: test -s conftest.o
configure:2980: $? = 0
configure:2990: result: yes
configure:2994: checking locale.h presence
configure:3004: gcc -E  conftest.c
configure:3010: $? = 0
configure:3030: result: yes
configure:3065: checking for locale.h
configure:3072: result: yes
configure:2949: checking malloc.h usability
configure:2961: gcc -c -g -O2  conftest.c >&5
conftest.c:54:10: fatal error: 'malloc.h' file not found
#include <malloc.h>
         ^
1 error generated.
configure:2967: $? = 1
configure: failed program was:
| /* confdefs.h.  */
| 
| #define PACKAGE_NAME "WordNet"
| #define PACKAGE_TARNAME "wordnet"
| #define PACKAGE_VERSION "2.1"
| #define PACKAGE_STRING "WordNet 2.1"
| #define PACKAGE_BUGREPORT "wordnet@princeton.edu"
| #define STDC_HEADERS 1
| #define HAVE_SYS_TYPES_H 1
| #define HAVE_SYS_STAT_H 1
| #define HAVE_STDLIB_H 1
| #define HAVE_STRING_H 1
| #define HAVE_MEMORY_H 1
| #define HAVE_STRINGS_H 1
| #define HAVE_INTTYPES_H 1
| #define HAVE_STDINT_H 1
| #define HAVE_UNISTD_H 1
| #define HAVE_LOCALE_H 1
| /* end confdefs.h.  */
| #include <stdio.h>
| #if HAVE_SYS_TYPES_H
| # include <sys/types.h>
| #endif
| #if HAVE_SYS_STAT_H
| # include <sys/stat.h>
| #endif
| #if STDC_HEADERS
| # include <stdlib.h>
| # include <stddef.h>
| #else
| # if HAVE_STDLIB_H
| #  include <stdlib.h>
| # endif
| #endif
| #if HAVE_STRING_H
| # if !STDC_HEADERS && HAVE_MEMORY_H
| #  include <memory.h>
| # endif
| # include <string.h>
| #endif
| #if HAVE_STRINGS_H
| # include <strings.h>
| #endif
| #if HAVE_INTTYPES_H
| # include <inttypes.h>
| #else
| # if HAVE_STDINT_H
| #  include <stdint.h>
| # endif
| #endif
| #if HAVE_UNISTD_H
| # include <unistd.h>
| #endif
| #include <malloc.h>
configure:2990: result: no
configure:2994: checking malloc.h presence
configure:3004: gcc -E  conftest.c
conftest.c:20:10: fatal error: 'malloc.h' file not found
#include <malloc.h>
         ^
1 error generated.
configure:3010: $? = 1
configure: failed program was:
| /* confdefs.h.  */
| 
| #define PACKAGE_NAME "WordNet"
| #define PACKAGE_TARNAME "wordnet"
| #define PACKAGE_VERSION "2.1"
| #define PACKAGE_STRING "WordNet 2.1"
| #define PACKAGE_BUGREPORT "wordnet@princeton.edu"
| #define STDC_HEADERS 1
| #define HAVE_SYS_TYPES_H 1
| #define HAVE_SYS_STAT_H 1
| #define HAVE_STDLIB_H 1
| #define HAVE_STRING_H 1
| #define HAVE_MEMORY_H 1
| #define HAVE_STRINGS_H 1
| #define HAVE_INTTYPES_H 1
| #define HAVE_STDINT_H 1
| #define HAVE_UNISTD_H 1
| #define HAVE_LOCALE_H 1
| /* end confdefs.h.  */
| #include <malloc.h>
configure:3030: result: no
configure:3065: checking for malloc.h
configure:3072: result: no
configure:2940: checking for stdlib.h
configure:2945: result: yes
configure:2940: checking for string.h
configure:2945: result: yes
configure:3094: checking for stdlib.h
configure:3099: result: yes
configure:3239: checking for GNU libc compatible malloc
configure:3268: gcc -o conftest -g -O2   conftest.c  >&5
configure:3271: $? = 0
configure:3273: ./conftest
configure:3276: $? = 0
configure:3290: result: yes
configure:3328: checking for strchr
configure:3385: gcc -o conftest -g -O2   conftest.c  >&5
conftest.c:48:6: warning: incompatible redeclaration of library function 'strchr' [-Wincompatible-library-redeclaration]
char strchr ();
     ^
conftest.c:48:6: note: 'strchr' is a builtin with type 'char *(const char *, int)'
1 warning generated.
configure:3391: $? = 0
configure:3395: test -z 
			 || test ! -s conftest.err
configure:3398: $? = 0
configure:3401: test -s conftest
configure:3404: $? = 0
configure:3416: result: yes
configure:3328: checking for strdup
configure:3385: gcc -o conftest -g -O2   conftest.c  >&5
conftest.c:49:6: warning: incompatible redeclaration of library function 'strdup' [-Wincompatible-library-redeclaration]
char strdup ();
     ^
conftest.c:49:6: note: 'strdup' is a builtin with type 'char *(const char *)'
1 warning generated.
configure:3391: $? = 0
configure:3395: test -z 
			 || test ! -s conftest.err
configure:3398: $? = 0
configure:3401: test -s conftest
configure:3404: $? = 0
configure:3416: result: yes
configure:3328: checking for strrchr
configure:3385: gcc -o conftest -g -O2   conftest.c  >&5
conftest.c:50:6: warning: incompatible redeclaration of library function 'strrchr' [-Wincompatible-library-redeclaration]
char strrchr ();
     ^
conftest.c:50:6: note: 'strrchr' is a builtin with type 'char *(const char *, int)'
1 warning generated.
configure:3391: $? = 0
configure:3395: test -z 
			 || test ! -s conftest.err
configure:3398: $? = 0
configure:3401: test -s conftest
configure:3404: $? = 0
configure:3416: result: yes
configure:3328: checking for strstr
configure:3385: gcc -o conftest -g -O2   conftest.c  >&5
conftest.c:51:6: warning: incompatible redeclaration of library function 'strstr' [-Wincompatible-library-redeclaration]
char strstr ();
     ^
conftest.c:51:6: note: 'strstr' is a builtin with type 'char *(const char *, const char *)'
1 warning generated.
configure:3391: $? = 0
configure:3395: test -z 
			 || test ! -s conftest.err
configure:3398: $? = 0
configure:3401: test -s conftest
configure:3404: $? = 0
configure:3416: result: yes
configure:3328: checking for strtol
configure:3385: gcc -o conftest -g -O2   conftest.c  >&5
configure:3391: $? = 0
configure:3395: test -z 
			 || test ! -s conftest.err
configure:3398: $? = 0
configure:3401: test -s conftest
configure:3404: $? = 0
configure:3416: result: yes
configure:3430: checking for nl_langinfo and CODESET
configure:3451: gcc -o conftest -g -O2   conftest.c  >&5
configure:3457: $? = 0
configure:3461: test -z 
			 || test ! -s conftest.err
configure:3464: $? = 0
configure:3467: test -s conftest
configure:3470: $? = 0
configure:3483: result: yes
configure:3495: checking whether build environment is sane
configure:3538: result: yes
configure:3603: checking for gawk
configure:3632: result: no
configure:3603: checking for mawk
configure:3632: result: no
configure:3603: checking for nawk
configure:3632: result: no
configure:3603: checking for awk
configure:3619: found /usr/bin/awk
configure:3629: result: awk
configure:3639: checking whether make sets $(MAKE)
configure:3659: result: yes
configure:3689: checking for style of include used by make
configure:3717: result: GNU
configure:3893: checking dependency style of gcc
configure:3983: result: gcc3
configure:4018: checking for Tcl configuration
configure:4097: result: found /usr/lib/tclConfig.sh
configure:4118: checking for Tk configuration
configure:4194: result: found /usr/lib/tkConfig.sh
configure:4201: checking for existence of /usr/lib/tclConfig.sh
configure:4205: result: loading
configure:4255: checking for existence of /usr/lib/tkConfig.sh
configure:4259: result: loading
configure:4394: creating ./config.status

## ---------------------- ##
## Running config.status. ##
## ---------------------- ##

This file was extended by WordNet config.status 2.1, which was
generated by GNU Autoconf 2.59.  Invocation command line was

  CONFIG_FILES    = 
  CONFIG_HEADERS  = 
  CONFIG_LINKS    = 
  CONFIG_COMMANDS = 
  $ ./config.status 

on DdMaddeMBP

config.status:708: creating Makefile
config.status:708: creating dict/Makefile
config.status:708: creating doc/Makefile
config.status:708: creating doc/html/Makefile
config.status:708: creating doc/man/Makefile
config.status:708: creating doc/pdf/Makefile
config.status:708: creating doc/ps/Makefile
config.status:708: creating include/Makefile
config.status:708: creating src/Makefile
config.status:708: creating lib/Makefile
config.status:708: creating lib/wnres/Makefile
config.status:812: creating config.h
config.status:1120: executing depfiles commands
config.status:1120: executing default commands
configure:5717: result:
WordNet is now configured

  Installation directory:               /usr/local/WordNet-2.1

  To build and install WordNet:

    make
    make install

  To run, environment variables should be set as follows:

    PATH - include ${exec_prefix}/bin
    WNHOME - if not using default installation location, set to /usr/local/WordNet-2.1

    See INSTALL file for details and additional environment variables
    which may need to be set on your system.



## ---------------- ##
## Cache variables. ##
## ---------------- ##

ac_cv_c_compiler_gnu=yes
ac_cv_c_tclconfig=/usr/lib
ac_cv_c_tkconfig=/usr/lib
ac_cv_env_CC_set=
ac_cv_env_CC_value=
ac_cv_env_CFLAGS_set=
ac_cv_env_CFLAGS_value=
ac_cv_env_CPPFLAGS_set=
ac_cv_env_CPPFLAGS_value=
ac_cv_env_CPP_set=
ac_cv_env_CPP_value=
ac_cv_env_LDFLAGS_set=
ac_cv_env_LDFLAGS_value=
ac_cv_env_build_alias_set=
ac_cv_env_build_alias_value=
ac_cv_env_host_alias_set=
ac_cv_env_host_alias_value=
ac_cv_env_target_alias_set=
ac_cv_env_target_alias_value=
ac_cv_exeext=
ac_cv_func_malloc_0_nonnull=yes
ac_cv_func_strchr=yes
ac_cv_func_strdup=yes
ac_cv_func_strrchr=yes
ac_cv_func_strstr=yes
ac_cv_func_strtol=yes
ac_cv_header_inttypes_h=yes
ac_cv_header_locale_h=yes
ac_cv_header_malloc_h=no
ac_cv_header_memory_h=yes
ac_cv_header_stdc=yes
ac_cv_header_stdint_h=yes
ac_cv_header_stdlib_h=yes
ac_cv_header_string_h=yes
ac_cv_header_strings_h=yes
ac_cv_header_sys_stat_h=yes
ac_cv_header_sys_types_h=yes
ac_cv_header_unistd_h=yes
ac_cv_objext=o
ac_cv_path_install='/usr/bin/install -c'
ac_cv_prog_AWK=awk
ac_cv_prog_CPP='gcc -E'
ac_cv_prog_ac_ct_CC=gcc
ac_cv_prog_ac_ct_RANLIB=ranlib
ac_cv_prog_cc_g=yes
ac_cv_prog_cc_stdc=
ac_cv_prog_egrep='grep -E'
ac_cv_prog_make_make_set=yes
am_cv_CC_dependencies_compiler_type=gcc3
am_cv_langinfo_codeset=yes

## ----------------- ##
## Output variables. ##
## ----------------- ##

ACLOCAL='${SHELL} /Users/ddmad/Downloads/WordNet-2.1/missing --run aclocal-1.9'
AMDEPBACKSLASH='\'
AMDEP_FALSE='#'
AMDEP_TRUE=''
AMTAR='${SHELL} /Users/ddmad/Downloads/WordNet-2.1/missing --run tar'
AUTOCONF='${SHELL} /Users/ddmad/Downloads/WordNet-2.1/missing --run autoconf'
AUTOHEADER='${SHELL} /Users/ddmad/Downloads/WordNet-2.1/missing --run autoheader'
AUTOMAKE='${SHELL} /Users/ddmad/Downloads/WordNet-2.1/missing --run automake-1.9'
AWK='awk'
CC='gcc'
CCDEPMODE='depmode=gcc3'
CFLAGS='-g -O2'
CPP='gcc -E'
CPPFLAGS=''
CYGPATH_W='echo'
DEFS='-DHAVE_CONFIG_H'
DEPDIR='.deps'
ECHO_C='ECHO_N=''
ECHO_T=''
EGREP='grep -E'
EXEEXT=''
INSTALL_DATA='${INSTALL} -m 644'
INSTALL_PROGRAM='${INSTALL}'
INSTALL_SCRIPT='${INSTALL}'
INSTALL_STRIP_PROGRAM='${SHELL} $(install_sh) -c -s'
LDFLAGS=''
LIBOBJS=''
LIBS=''
LTLIBOBJS=''
MAKEINFO='${SHELL} /Users/ddmad/Downloads/WordNet-2.1/missing --run makeinfo'
OBJEXT='o'
PACKAGE='WordNet'
PACKAGE_BUGREPORT='wordnet@princeton.edu'
PACKAGE_NAME='WordNet'
PACKAGE_STRING='WordNet 2.1'
PACKAGE_TARNAME='wordnet'
PACKAGE_VERSION='2.1'
PATH_SEPARATOR=':'
RANLIB='ranlib'
SET_MAKE=''
SHELL='/bin/sh'
STRIP=''
TCL_INCLUDE_SPEC='-I/System/Library/Frameworks/Tcl.framework/Versions/8.5/Headers'
TCL_LIB_SPEC='-F/System/Library/Frameworks -framework Tcl'
TK_LIBS='   -lpthread -framework CoreFoundation -framework Cocoa -framework Carbon -framework IOKit   -lpthread -framework CoreFoundation '
TK_LIB_SPEC='-F/System/Library/Frameworks -framework Tk'
TK_PREFIX='/usr'
TK_XINCLUDES=''
VERSION='2.1'
ac_ct_CC='gcc'
ac_ct_RANLIB='ranlib'
ac_ct_STRIP=''
am__fastdepCC_FALSE='#'
am__fastdepCC_TRUE=''
am__include='include'
am__leading_dot='.'
am__quote=''
am__tar='${AMTAR} chof - "$$tardir"'
am__untar='${AMTAR} xf -'
bindir='${exec_prefix}/bin'
build_alias=''
datadir='${prefix}/share'
exec_prefix='${prefix}'
host_alias=''
includedir='${prefix}/include'
infodir='${prefix}/info'
install_sh='/Users/ddmad/Downloads/WordNet-2.1/install-sh'
libdir='${exec_prefix}/lib'
libexecdir='${exec_prefix}/libexec'
localstatedir='${prefix}/var'
mandir='${prefix}/man'
mkdir_p='$(install_sh) -d'
oldincludedir='/usr/include'
prefix='/usr/local/WordNet-2.1'
program_transform_name='s,x,x,'
sbindir='${exec_prefix}/sbin'
sharedstatedir='${prefix}/com'
sysconfdir='${prefix}/etc'
target_alias=''

## ----------- ##
## confdefs.h. ##
## ----------- ##

#define HAVE_INTTYPES_H 1
#define HAVE_LANGINFO_CODESET 1
#define HAVE_LOCALE_H 1
#define HAVE_MALLOC 1
#define HAVE_MEMORY_H 1
#define HAVE_STDINT_H 1
#define HAVE_STDLIB_H 1
#define HAVE_STDLIB_H 1
#define HAVE_STDLIB_H 1
#define HAVE_STRCHR 1
#define HAVE_STRDUP 1
#define HAVE_STRINGS_H 1
#define HAVE_STRING_H 1
#define HAVE_STRING_H 1
#define HAVE_STRRCHR 1
#define HAVE_STRSTR 1
#define HAVE_STRTOL 1
#define HAVE_SYS_STAT_H 1
#define HAVE_SYS_TYPES_H 1
#define HAVE_UNISTD_H 1
#define PACKAGE "WordNet"
#define PACKAGE_BUGREPORT "wordnet@princeton.edu"
#define PACKAGE_NAME "WordNet"
#define PACKAGE_STRING "WordNet 2.1"
#define PACKAGE_TARNAME "wordnet"
#define PACKAGE_VERSION "2.1"
#define STDC_HEADERS 1
#define VERSION "2.1"

configure: exit 0
